[0.012s] Invoking command in '/root/ros2_ws/build/cpu_pubsub': CMAKE_PREFIX_PATH=/opt/ros/foxy /usr/bin/cmake --build /root/ros2_ws/build/cpu_pubsub -- -j32 -l32
[0.044s] [35m[1mScanning dependencies of target talker[0m
[0.061s] [ 50%] Built target listener
[0.066s] [ 75%] [32mBuilding CXX object CMakeFiles/talker.dir/src/publisher_member_function.cpp.o[0m
[2.101s] [100%] [32m[1mLinking CXX executable talker[0m
[2.202s] [100%] Built target talker
[2.215s] Invoked command in '/root/ros2_ws/build/cpu_pubsub' returned '0': CMAKE_PREFIX_PATH=/opt/ros/foxy /usr/bin/cmake --build /root/ros2_ws/build/cpu_pubsub -- -j32 -l32
[2.253s] Invoking command in '/root/ros2_ws/build/cpu_pubsub': CMAKE_PREFIX_PATH=/opt/ros/foxy /usr/bin/cmake --install /root/ros2_ws/build/cpu_pubsub
[2.262s] -- Install configuration: ""
[2.263s] -- Installing: /root/ros2_ws/install/cpu_pubsub/lib/cpu_pubsub/talker
[2.264s] -- Set runtime path of "/root/ros2_ws/install/cpu_pubsub/lib/cpu_pubsub/talker" to ""
[2.264s] -- Up-to-date: /root/ros2_ws/install/cpu_pubsub/lib/cpu_pubsub/listener
[2.264s] -- Up-to-date: /root/ros2_ws/install/cpu_pubsub/share/ament_index/resource_index/package_run_dependencies/cpu_pubsub
[2.264s] -- Up-to-date: /root/ros2_ws/install/cpu_pubsub/share/ament_index/resource_index/parent_prefix_path/cpu_pubsub
[2.264s] -- Up-to-date: /root/ros2_ws/install/cpu_pubsub/share/cpu_pubsub/environment/ament_prefix_path.sh
[2.264s] -- Up-to-date: /root/ros2_ws/install/cpu_pubsub/share/cpu_pubsub/environment/ament_prefix_path.dsv
[2.264s] -- Up-to-date: /root/ros2_ws/install/cpu_pubsub/share/cpu_pubsub/environment/path.sh
[2.265s] -- Up-to-date: /root/ros2_ws/install/cpu_pubsub/share/cpu_pubsub/environment/path.dsv
[2.265s] -- Up-to-date: /root/ros2_ws/install/cpu_pubsub/share/cpu_pubsub/local_setup.bash
[2.265s] -- Up-to-date: /root/ros2_ws/install/cpu_pubsub/share/cpu_pubsub/local_setup.sh
[2.265s] -- Up-to-date: /root/ros2_ws/install/cpu_pubsub/share/cpu_pubsub/local_setup.zsh
[2.265s] -- Up-to-date: /root/ros2_ws/install/cpu_pubsub/share/cpu_pubsub/local_setup.dsv
[2.266s] -- Installing: /root/ros2_ws/install/cpu_pubsub/share/cpu_pubsub/package.dsv
[2.267s] -- Up-to-date: /root/ros2_ws/install/cpu_pubsub/share/ament_index/resource_index/packages/cpu_pubsub
[2.268s] -- Up-to-date: /root/ros2_ws/install/cpu_pubsub/share/cpu_pubsub/cmake/cpu_pubsubConfig.cmake
[2.268s] -- Up-to-date: /root/ros2_ws/install/cpu_pubsub/share/cpu_pubsub/cmake/cpu_pubsubConfig-version.cmake
[2.268s] -- Up-to-date: /root/ros2_ws/install/cpu_pubsub/share/cpu_pubsub/package.xml
[2.268s] Invoked command in '/root/ros2_ws/build/cpu_pubsub' returned '0': CMAKE_PREFIX_PATH=/opt/ros/foxy /usr/bin/cmake --install /root/ros2_ws/build/cpu_pubsub
