[0.013s] Invoking command in '/root/ros2_ws/build/cpu_pubsub': CMAKE_PREFIX_PATH=/opt/ros/foxy /usr/bin/cmake /root/ros2_ws/src/cpu_pubsub -DCMAKE_INSTALL_PREFIX=/root/ros2_ws/install/cpu_pubsub
[0.064s] -- The C compiler identification is GNU 9.4.0
[0.101s] -- The CXX compiler identification is GNU 9.4.0
[0.106s] -- Check for working C compiler: /usr/bin/cc
[0.168s] -- Check for working C compiler: /usr/bin/cc -- works
[0.169s] -- Detecting C compiler ABI info
[0.231s] -- Detecting C compiler ABI info - done
[0.243s] -- Detecting C compile features
[0.243s] -- Detecting C compile features - done
[0.245s] -- Check for working CXX compiler: /usr/bin/c++
[0.304s] -- Check for working CXX compiler: /usr/bin/c++ -- works
[0.305s] -- Detecting CXX compiler ABI info
[0.368s] -- Detecting CXX compiler ABI info - done
[0.377s] -- Detecting CXX compile features
[0.377s] -- Detecting CXX compile features - done
[0.379s] -- Found ament_cmake: 0.9.11 (/opt/ros/foxy/share/ament_cmake/cmake)
[0.398s] -- Found PythonInterp: /usr/bin/python3 (found suitable version "3.8.10", minimum required is "3") 
[0.398s] -- Using PYTHON_EXECUTABLE: /usr/bin/python3
[0.537s] -- Found rclcpp: 2.4.2 (/opt/ros/foxy/share/rclcpp/cmake)
[0.566s] -- Using all available rosidl_typesupport_c: rosidl_typesupport_fastrtps_c;rosidl_typesupport_introspection_c
[0.569s] -- Found rosidl_adapter: 1.3.0 (/opt/ros/foxy/share/rosidl_adapter/cmake)
[0.642s] -- Found OpenSSL: /usr/lib/x86_64-linux-gnu/libcrypto.so (found version "1.1.1f")  
[0.669s] -- Found FastRTPS: /opt/ros/foxy/include  
[0.737s] -- Using all available rosidl_typesupport_cpp: rosidl_typesupport_fastrtps_cpp;rosidl_typesupport_introspection_cpp
[0.774s] -- Found rmw_implementation_cmake: 1.0.4 (/opt/ros/foxy/share/rmw_implementation_cmake/cmake)
[0.775s] -- Using RMW implementation 'rmw_fastrtps_cpp' as default
[0.775s] -- Looking for pthread.h
[0.843s] -- Looking for pthread.h - found
[0.843s] -- Performing Test CMAKE_HAVE_LIBC_PTHREAD
[0.902s] -- Performing Test CMAKE_HAVE_LIBC_PTHREAD - Failed
[0.902s] -- Looking for pthread_create in pthreads
[0.947s] -- Looking for pthread_create in pthreads - not found
[0.947s] -- Looking for pthread_create in pthread
[1.003s] -- Looking for pthread_create in pthread - found
[1.004s] -- Found Threads: TRUE  
[1.162s] -- Configuring done
[1.172s] -- Generating done
[1.172s] -- Build files have been written to: /root/ros2_ws/build/cpu_pubsub
[1.177s] Invoked command in '/root/ros2_ws/build/cpu_pubsub' returned '0': CMAKE_PREFIX_PATH=/opt/ros/foxy /usr/bin/cmake /root/ros2_ws/src/cpu_pubsub -DCMAKE_INSTALL_PREFIX=/root/ros2_ws/install/cpu_pubsub
[1.180s] Invoking command in '/root/ros2_ws/build/cpu_pubsub': CMAKE_PREFIX_PATH=/opt/ros/foxy /usr/bin/cmake --build /root/ros2_ws/build/cpu_pubsub -- -j32 -l32
[1.210s] [35m[1mScanning dependencies of target talker[0m
[1.210s] [35m[1mScanning dependencies of target listener[0m
[1.236s] [ 25%] [32mBuilding CXX object CMakeFiles/talker.dir/src/publisher_member_function.cpp.o[0m
[1.238s] [ 50%] [32mBuilding CXX object CMakeFiles/listener.dir/src/subscriber_member_function.cpp.o[0m
[2.447s] make[2]: *** [CMakeFiles/talker.dir/build.make:63: CMakeFiles/talker.dir/src/publisher_member_function.cpp.o] Interrupt
[2.447s] make[2]: *** [CMakeFiles/listener.dir/build.make:63: CMakeFiles/listener.dir/src/subscriber_member_function.cpp.o] Interrupt
[2.447s] make[1]: *** [CMakeFiles/Makefile2:107: CMakeFiles/talker.dir/all] Interrupt
[2.447s] make[1]: *** [CMakeFiles/Makefile2:80: CMakeFiles/listener.dir/all] Interrupt
[2.447s] make: *** [Makefile:141: all] Interrupt
[2.462s] Invoked command in '/root/ros2_ws/build/cpu_pubsub' returned '-2': CMAKE_PREFIX_PATH=/opt/ros/foxy /usr/bin/cmake --build /root/ros2_ws/build/cpu_pubsub -- -j32 -l32
