[0.012s] Invoking command in '/root/ros2_ws/build/cpu_pubsub': /usr/bin/cmake --build /root/ros2_ws/build/cpu_pubsub -- -j32 -l32
[0.050s] [35m[1mScanning dependencies of target listener[0m
[0.053s] [35m[1mScanning dependencies of target talker[0m
[0.072s] [ 25%] [32mBuilding CXX object CMakeFiles/listener.dir/src/subscriber_member_function.cpp.o[0m
[0.074s] [ 50%] [32mBuilding CXX object CMakeFiles/talker.dir/src/publisher_member_function.cpp.o[0m
[2.090s] [ 75%] [32m[1mLinking CXX executable talker[0m
[2.193s] [ 75%] Built target talker
[3.147s] [100%] [32m[1mLinking CXX executable listener[0m
[3.287s] [100%] Built target listener
[3.296s] Invoked command in '/root/ros2_ws/build/cpu_pubsub' returned '0': /usr/bin/cmake --build /root/ros2_ws/build/cpu_pubsub -- -j32 -l32
[3.329s] Invoking command in '/root/ros2_ws/build/cpu_pubsub': /usr/bin/cmake --install /root/ros2_ws/build/cpu_pubsub
[3.338s] -- Install configuration: ""
[3.338s] -- Installing: /root/ros2_ws/install/cpu_pubsub/lib/cpu_pubsub/talker
[3.339s] -- Set runtime path of "/root/ros2_ws/install/cpu_pubsub/lib/cpu_pubsub/talker" to ""
[3.339s] -- Installing: /root/ros2_ws/install/cpu_pubsub/lib/cpu_pubsub/listener
[3.342s] -- Set runtime path of "/root/ros2_ws/install/cpu_pubsub/lib/cpu_pubsub/listener" to ""
[3.342s] -- Up-to-date: /root/ros2_ws/install/cpu_pubsub/share/ament_index/resource_index/package_run_dependencies/cpu_pubsub
[3.342s] -- Up-to-date: /root/ros2_ws/install/cpu_pubsub/share/ament_index/resource_index/parent_prefix_path/cpu_pubsub
[3.342s] -- Up-to-date: /root/ros2_ws/install/cpu_pubsub/share/cpu_pubsub/environment/ament_prefix_path.sh
[3.342s] -- Up-to-date: /root/ros2_ws/install/cpu_pubsub/share/cpu_pubsub/environment/ament_prefix_path.dsv
[3.342s] -- Up-to-date: /root/ros2_ws/install/cpu_pubsub/share/cpu_pubsub/environment/path.sh
[3.342s] -- Up-to-date: /root/ros2_ws/install/cpu_pubsub/share/cpu_pubsub/environment/path.dsv
[3.342s] -- Up-to-date: /root/ros2_ws/install/cpu_pubsub/share/cpu_pubsub/local_setup.bash
[3.343s] -- Up-to-date: /root/ros2_ws/install/cpu_pubsub/share/cpu_pubsub/local_setup.sh
[3.343s] -- Up-to-date: /root/ros2_ws/install/cpu_pubsub/share/cpu_pubsub/local_setup.zsh
[3.343s] -- Up-to-date: /root/ros2_ws/install/cpu_pubsub/share/cpu_pubsub/local_setup.dsv
[3.343s] -- Installing: /root/ros2_ws/install/cpu_pubsub/share/cpu_pubsub/package.dsv
[3.343s] -- Up-to-date: /root/ros2_ws/install/cpu_pubsub/share/ament_index/resource_index/packages/cpu_pubsub
[3.343s] -- Up-to-date: /root/ros2_ws/install/cpu_pubsub/share/cpu_pubsub/cmake/cpu_pubsubConfig.cmake
[3.343s] -- Up-to-date: /root/ros2_ws/install/cpu_pubsub/share/cpu_pubsub/cmake/cpu_pubsubConfig-version.cmake
[3.343s] -- Up-to-date: /root/ros2_ws/install/cpu_pubsub/share/cpu_pubsub/package.xml
[3.345s] Invoked command in '/root/ros2_ws/build/cpu_pubsub' returned '0': /usr/bin/cmake --install /root/ros2_ws/build/cpu_pubsub
