[0.014s] Invoking command in '/root/ros2_ws/build/cpu_pubsub': CMAKE_PREFIX_PATH=/opt/ros/foxy /usr/bin/cmake --build /root/ros2_ws/build/cpu_pubsub -- -j32 -l32
[0.055s] [35m[1mScanning dependencies of target talker[0m
[0.070s] [ 50%] Built target listener
[0.078s] [ 75%] [32mBuilding CXX object CMakeFiles/talker.dir/src/publisher_member_function.cpp.o[0m
[0.868s] [01m[K/root/ros2_ws/src/cpu_pubsub/src/publisher_member_function.cpp:[m[K In member function ‘[01m[Kdouble CPULoadNode::getCurrentCPULoad()[m[K’:
[0.868s] [01m[K/root/ros2_ws/src/cpu_pubsub/src/publisher_member_function.cpp:57:12:[m[K [01;35m[Kwarning: [m[Kunused variable ‘[01m[Kvalue[m[K’ [[01;35m[K-Wunused-variable[m[K]
[0.868s]    57 |     double [01;35m[Kvalue[m[K;
[0.868s]       |            [01;35m[K^~~~~[m[K
[2.028s] [100%] [32m[1mLinking CXX executable talker[0m
[2.129s] [100%] Built target talker
[2.138s] Invoked command in '/root/ros2_ws/build/cpu_pubsub' returned '0': CMAKE_PREFIX_PATH=/opt/ros/foxy /usr/bin/cmake --build /root/ros2_ws/build/cpu_pubsub -- -j32 -l32
[2.169s] Invoking command in '/root/ros2_ws/build/cpu_pubsub': CMAKE_PREFIX_PATH=/opt/ros/foxy /usr/bin/cmake --install /root/ros2_ws/build/cpu_pubsub
[2.175s] -- Install configuration: ""
[2.175s] -- Installing: /root/ros2_ws/install/cpu_pubsub/lib/cpu_pubsub/talker
[2.177s] -- Set runtime path of "/root/ros2_ws/install/cpu_pubsub/lib/cpu_pubsub/talker" to ""
[2.177s] -- Up-to-date: /root/ros2_ws/install/cpu_pubsub/lib/cpu_pubsub/listener
[2.177s] -- Up-to-date: /root/ros2_ws/install/cpu_pubsub/share/ament_index/resource_index/package_run_dependencies/cpu_pubsub
[2.177s] -- Up-to-date: /root/ros2_ws/install/cpu_pubsub/share/ament_index/resource_index/parent_prefix_path/cpu_pubsub
[2.177s] -- Up-to-date: /root/ros2_ws/install/cpu_pubsub/share/cpu_pubsub/environment/ament_prefix_path.sh
[2.177s] -- Up-to-date: /root/ros2_ws/install/cpu_pubsub/share/cpu_pubsub/environment/ament_prefix_path.dsv
[2.177s] -- Up-to-date: /root/ros2_ws/install/cpu_pubsub/share/cpu_pubsub/environment/path.sh
[2.178s] -- Up-to-date: /root/ros2_ws/install/cpu_pubsub/share/cpu_pubsub/environment/path.dsv
[2.178s] -- Up-to-date: /root/ros2_ws/install/cpu_pubsub/share/cpu_pubsub/local_setup.bash
[2.178s] -- Up-to-date: /root/ros2_ws/install/cpu_pubsub/share/cpu_pubsub/local_setup.sh
[2.178s] -- Up-to-date: /root/ros2_ws/install/cpu_pubsub/share/cpu_pubsub/local_setup.zsh
[2.178s] -- Up-to-date: /root/ros2_ws/install/cpu_pubsub/share/cpu_pubsub/local_setup.dsv
[2.178s] -- Installing: /root/ros2_ws/install/cpu_pubsub/share/cpu_pubsub/package.dsv
[2.178s] -- Up-to-date: /root/ros2_ws/install/cpu_pubsub/share/ament_index/resource_index/packages/cpu_pubsub
[2.178s] -- Up-to-date: /root/ros2_ws/install/cpu_pubsub/share/cpu_pubsub/cmake/cpu_pubsubConfig.cmake
[2.178s] -- Up-to-date: /root/ros2_ws/install/cpu_pubsub/share/cpu_pubsub/cmake/cpu_pubsubConfig-version.cmake
[2.178s] -- Up-to-date: /root/ros2_ws/install/cpu_pubsub/share/cpu_pubsub/package.xml
[2.180s] Invoked command in '/root/ros2_ws/build/cpu_pubsub' returned '0': CMAKE_PREFIX_PATH=/opt/ros/foxy /usr/bin/cmake --install /root/ros2_ws/build/cpu_pubsub
