[35m[1mScanning dependencies of target listener[0m
[35m[1mScanning dependencies of target talker[0m
[ 25%] [32mBuilding CXX object CMakeFiles/listener.dir/src/subscriber_member_function.cpp.o[0m
[ 50%] [32mBuilding CXX object CMakeFiles/talker.dir/src/publisher_member_function.cpp.o[0m
[ 75%] [32m[1mLinking CXX executable talker[0m
[ 75%] Built target talker
[100%] [32m[1mLinking CXX executable listener[0m
[100%] Built target listener
-- Install configuration: ""
-- Installing: /root/ros2_ws/install/cpu_pubsub/lib/cpu_pubsub/talker
-- Set runtime path of "/root/ros2_ws/install/cpu_pubsub/lib/cpu_pubsub/talker" to ""
-- Installing: /root/ros2_ws/install/cpu_pubsub/lib/cpu_pubsub/listener
-- Set runtime path of "/root/ros2_ws/install/cpu_pubsub/lib/cpu_pubsub/listener" to ""
-- Up-to-date: /root/ros2_ws/install/cpu_pubsub/share/ament_index/resource_index/package_run_dependencies/cpu_pubsub
-- Up-to-date: /root/ros2_ws/install/cpu_pubsub/share/ament_index/resource_index/parent_prefix_path/cpu_pubsub
-- Up-to-date: /root/ros2_ws/install/cpu_pubsub/share/cpu_pubsub/environment/ament_prefix_path.sh
-- Up-to-date: /root/ros2_ws/install/cpu_pubsub/share/cpu_pubsub/environment/ament_prefix_path.dsv
-- Up-to-date: /root/ros2_ws/install/cpu_pubsub/share/cpu_pubsub/environment/path.sh
-- Up-to-date: /root/ros2_ws/install/cpu_pubsub/share/cpu_pubsub/environment/path.dsv
-- Up-to-date: /root/ros2_ws/install/cpu_pubsub/share/cpu_pubsub/local_setup.bash
-- Up-to-date: /root/ros2_ws/install/cpu_pubsub/share/cpu_pubsub/local_setup.sh
-- Up-to-date: /root/ros2_ws/install/cpu_pubsub/share/cpu_pubsub/local_setup.zsh
-- Up-to-date: /root/ros2_ws/install/cpu_pubsub/share/cpu_pubsub/local_setup.dsv
-- Installing: /root/ros2_ws/install/cpu_pubsub/share/cpu_pubsub/package.dsv
-- Up-to-date: /root/ros2_ws/install/cpu_pubsub/share/ament_index/resource_index/packages/cpu_pubsub
-- Up-to-date: /root/ros2_ws/install/cpu_pubsub/share/cpu_pubsub/cmake/cpu_pubsubConfig.cmake
-- Up-to-date: /root/ros2_ws/install/cpu_pubsub/share/cpu_pubsub/cmake/cpu_pubsubConfig-version.cmake
-- Up-to-date: /root/ros2_ws/install/cpu_pubsub/share/cpu_pubsub/package.xml
