[0.012s] Invoking command in '/root/ros2_ws/build/cpu_pubsub': CMAKE_PREFIX_PATH=/opt/ros/foxy /usr/bin/cmake --build /root/ros2_ws/build/cpu_pubsub -- -j32 -l32
[0.068s] [ 50%] Built target talker
[0.068s] [100%] Built target listener
[0.080s] Invoked command in '/root/ros2_ws/build/cpu_pubsub' returned '0': CMAKE_PREFIX_PATH=/opt/ros/foxy /usr/bin/cmake --build /root/ros2_ws/build/cpu_pubsub -- -j32 -l32
[0.116s] Invoking command in '/root/ros2_ws/build/cpu_pubsub': CMAKE_PREFIX_PATH=/opt/ros/foxy /usr/bin/cmake --install /root/ros2_ws/build/cpu_pubsub
[0.126s] -- Install configuration: ""
[0.126s] -- Up-to-date: /root/ros2_ws/install/cpu_pubsub/lib/cpu_pubsub/talker
[0.126s] -- Up-to-date: /root/ros2_ws/install/cpu_pubsub/lib/cpu_pubsub/listener
[0.127s] -- Up-to-date: /root/ros2_ws/install/cpu_pubsub/share/ament_index/resource_index/package_run_dependencies/cpu_pubsub
[0.127s] -- Up-to-date: /root/ros2_ws/install/cpu_pubsub/share/ament_index/resource_index/parent_prefix_path/cpu_pubsub
[0.127s] -- Up-to-date: /root/ros2_ws/install/cpu_pubsub/share/cpu_pubsub/environment/ament_prefix_path.sh
[0.128s] -- Up-to-date: /root/ros2_ws/install/cpu_pubsub/share/cpu_pubsub/environment/ament_prefix_path.dsv
[0.128s] -- Up-to-date: /root/ros2_ws/install/cpu_pubsub/share/cpu_pubsub/environment/path.sh
[0.128s] -- Up-to-date: /root/ros2_ws/install/cpu_pubsub/share/cpu_pubsub/environment/path.dsv
[0.128s] -- Up-to-date: /root/ros2_ws/install/cpu_pubsub/share/cpu_pubsub/local_setup.bash
[0.128s] -- Up-to-date: /root/ros2_ws/install/cpu_pubsub/share/cpu_pubsub/local_setup.sh
[0.128s] -- Up-to-date: /root/ros2_ws/install/cpu_pubsub/share/cpu_pubsub/local_setup.zsh
[0.129s] -- Up-to-date: /root/ros2_ws/install/cpu_pubsub/share/cpu_pubsub/local_setup.dsv
[0.129s] -- Installing: /root/ros2_ws/install/cpu_pubsub/share/cpu_pubsub/package.dsv
[0.129s] -- Up-to-date: /root/ros2_ws/install/cpu_pubsub/share/ament_index/resource_index/packages/cpu_pubsub
[0.129s] -- Up-to-date: /root/ros2_ws/install/cpu_pubsub/share/cpu_pubsub/cmake/cpu_pubsubConfig.cmake
[0.129s] -- Up-to-date: /root/ros2_ws/install/cpu_pubsub/share/cpu_pubsub/cmake/cpu_pubsubConfig-version.cmake
[0.130s] -- Up-to-date: /root/ros2_ws/install/cpu_pubsub/share/cpu_pubsub/package.xml
[0.131s] Invoked command in '/root/ros2_ws/build/cpu_pubsub' returned '0': CMAKE_PREFIX_PATH=/opt/ros/foxy /usr/bin/cmake --install /root/ros2_ws/build/cpu_pubsub
