[35m[1mScanning dependencies of target talker[0m
[ 50%] Built target listener
[ 75%] [32mBuilding CXX object CMakeFiles/talker.dir/src/publisher_member_function.cpp.o[0m
[100%] [32m[1mLinking CXX executable talker[0m
[100%] Built target talker
-- Install configuration: ""
-- Installing: /root/ros2_ws/install/cpu_pubsub/lib/cpu_pubsub/talker
-- Set runtime path of "/root/ros2_ws/install/cpu_pubsub/lib/cpu_pubsub/talker" to ""
-- Installing: /root/ros2_ws/install/cpu_pubsub/lib/cpu_pubsub/listener
-- Set runtime path of "/root/ros2_ws/install/cpu_pubsub/lib/cpu_pubsub/listener" to ""
-- Installing: /root/ros2_ws/install/cpu_pubsub/share/ament_index/resource_index/package_run_dependencies/cpu_pubsub
-- Installing: /root/ros2_ws/install/cpu_pubsub/share/ament_index/resource_index/parent_prefix_path/cpu_pubsub
-- Installing: /root/ros2_ws/install/cpu_pubsub/share/cpu_pubsub/environment/ament_prefix_path.sh
-- Installing: /root/ros2_ws/install/cpu_pubsub/share/cpu_pubsub/environment/ament_prefix_path.dsv
-- Installing: /root/ros2_ws/install/cpu_pubsub/share/cpu_pubsub/environment/path.sh
-- Installing: /root/ros2_ws/install/cpu_pubsub/share/cpu_pubsub/environment/path.dsv
-- Installing: /root/ros2_ws/install/cpu_pubsub/share/cpu_pubsub/local_setup.bash
-- Installing: /root/ros2_ws/install/cpu_pubsub/share/cpu_pubsub/local_setup.sh
-- Installing: /root/ros2_ws/install/cpu_pubsub/share/cpu_pubsub/local_setup.zsh
-- Installing: /root/ros2_ws/install/cpu_pubsub/share/cpu_pubsub/local_setup.dsv
-- Installing: /root/ros2_ws/install/cpu_pubsub/share/cpu_pubsub/package.dsv
-- Installing: /root/ros2_ws/install/cpu_pubsub/share/ament_index/resource_index/packages/cpu_pubsub
-- Installing: /root/ros2_ws/install/cpu_pubsub/share/cpu_pubsub/cmake/cpu_pubsubConfig.cmake
-- Installing: /root/ros2_ws/install/cpu_pubsub/share/cpu_pubsub/cmake/cpu_pubsubConfig-version.cmake
-- Installing: /root/ros2_ws/install/cpu_pubsub/share/cpu_pubsub/package.xml
