[0.012s] Invoking command in '/root/ros2_ws/build/cpu_pubsub': CMAKE_PREFIX_PATH=/opt/ros/foxy /usr/bin/cmake --build /root/ros2_ws/build/cpu_pubsub -- -j32 -l32
[0.048s] [35m[1mScanning dependencies of target talker[0m
[0.066s] [ 50%] Built target listener
[0.073s] [ 75%] [32mBuilding CXX object CMakeFiles/talker.dir/src/publisher_member_function.cpp.o[0m
[2.082s] [100%] [32m[1mLinking CXX executable talker[0m
[2.183s] [100%] Built target talker
[2.196s] Invoked command in '/root/ros2_ws/build/cpu_pubsub' returned '0': CMAKE_PREFIX_PATH=/opt/ros/foxy /usr/bin/cmake --build /root/ros2_ws/build/cpu_pubsub -- -j32 -l32
[2.228s] Invoking command in '/root/ros2_ws/build/cpu_pubsub': CMAKE_PREFIX_PATH=/opt/ros/foxy /usr/bin/cmake --install /root/ros2_ws/build/cpu_pubsub
[2.237s] -- Install configuration: ""
[2.237s] -- Installing: /root/ros2_ws/install/cpu_pubsub/lib/cpu_pubsub/talker
[2.238s] -- Set runtime path of "/root/ros2_ws/install/cpu_pubsub/lib/cpu_pubsub/talker" to ""
[2.238s] -- Installing: /root/ros2_ws/install/cpu_pubsub/lib/cpu_pubsub/listener
[2.240s] -- Set runtime path of "/root/ros2_ws/install/cpu_pubsub/lib/cpu_pubsub/listener" to ""
[2.240s] -- Installing: /root/ros2_ws/install/cpu_pubsub/share/ament_index/resource_index/package_run_dependencies/cpu_pubsub
[2.240s] -- Installing: /root/ros2_ws/install/cpu_pubsub/share/ament_index/resource_index/parent_prefix_path/cpu_pubsub
[2.240s] -- Installing: /root/ros2_ws/install/cpu_pubsub/share/cpu_pubsub/environment/ament_prefix_path.sh
[2.241s] -- Installing: /root/ros2_ws/install/cpu_pubsub/share/cpu_pubsub/environment/ament_prefix_path.dsv
[2.241s] -- Installing: /root/ros2_ws/install/cpu_pubsub/share/cpu_pubsub/environment/path.sh
[2.241s] -- Installing: /root/ros2_ws/install/cpu_pubsub/share/cpu_pubsub/environment/path.dsv
[2.241s] -- Installing: /root/ros2_ws/install/cpu_pubsub/share/cpu_pubsub/local_setup.bash
[2.241s] -- Installing: /root/ros2_ws/install/cpu_pubsub/share/cpu_pubsub/local_setup.sh
[2.241s] -- Installing: /root/ros2_ws/install/cpu_pubsub/share/cpu_pubsub/local_setup.zsh
[2.241s] -- Installing: /root/ros2_ws/install/cpu_pubsub/share/cpu_pubsub/local_setup.dsv
[2.242s] -- Installing: /root/ros2_ws/install/cpu_pubsub/share/cpu_pubsub/package.dsv
[2.242s] -- Installing: /root/ros2_ws/install/cpu_pubsub/share/ament_index/resource_index/packages/cpu_pubsub
[2.242s] -- Installing: /root/ros2_ws/install/cpu_pubsub/share/cpu_pubsub/cmake/cpu_pubsubConfig.cmake
[2.242s] -- Installing: /root/ros2_ws/install/cpu_pubsub/share/cpu_pubsub/cmake/cpu_pubsubConfig-version.cmake
[2.242s] -- Installing: /root/ros2_ws/install/cpu_pubsub/share/cpu_pubsub/package.xml
[2.245s] Invoked command in '/root/ros2_ws/build/cpu_pubsub' returned '0': CMAKE_PREFIX_PATH=/opt/ros/foxy /usr/bin/cmake --install /root/ros2_ws/build/cpu_pubsub
