[0.000000] (-) TimerEvent: {}
[0.000173] (cpu_pubsub) JobQueued: {'identifier': 'cpu_pubsub', 'dependencies': OrderedDict()}
[0.000345] (cpu_pubsub) JobStarted: {'identifier': 'cpu_pubsub'}
[0.007391] (cpu_pubsub) JobProgress: {'identifier': 'cpu_pubsub', 'progress': 'cmake'}
[0.007940] (cpu_pubsub) JobProgress: {'identifier': 'cpu_pubsub', 'progress': 'build'}
[0.008467] (cpu_pubsub) Command: {'cmd': ['/usr/bin/cmake', '--build', '/root/ros2_ws/build/cpu_pubsub', '--', '-j32', '-l32'], 'cwd': '/root/ros2_ws/build/cpu_pubsub', 'env': OrderedDict([('HOSTNAME', 'ee3ab9ae1412'), ('SHLVL', '1'), ('HOME', '/root'), ('OLDPWD', '/root'), ('_', '/usr/bin/colcon'), ('TERM', 'xterm'), ('PATH', '/usr/local/sbin:/usr/local/bin:/usr/sbin:/usr/bin:/sbin:/bin'), ('LANG', 'C.UTF-8'), ('DEBIAN_FRONTEND', 'noninteractive'), ('PWD', '/root/ros2_ws/build/cpu_pubsub'), ('LC_ALL', 'C.UTF-8'), ('COLCON', '1')]), 'shell': False}
[0.059630] (cpu_pubsub) StdoutLine: {'line': b'[ 50%] Built target talker\n'}
[0.060001] (cpu_pubsub) StdoutLine: {'line': b'[100%] Built target listener\n'}
[0.070522] (cpu_pubsub) CommandEnded: {'returncode': 0}
[0.087238] (cpu_pubsub) JobProgress: {'identifier': 'cpu_pubsub', 'progress': 'install'}
[0.098487] (cpu_pubsub) Command: {'cmd': ['/usr/bin/cmake', '--install', '/root/ros2_ws/build/cpu_pubsub'], 'cwd': '/root/ros2_ws/build/cpu_pubsub', 'env': OrderedDict([('HOSTNAME', 'ee3ab9ae1412'), ('SHLVL', '1'), ('HOME', '/root'), ('OLDPWD', '/root'), ('_', '/usr/bin/colcon'), ('TERM', 'xterm'), ('PATH', '/usr/local/sbin:/usr/local/bin:/usr/sbin:/usr/bin:/sbin:/bin'), ('LANG', 'C.UTF-8'), ('DEBIAN_FRONTEND', 'noninteractive'), ('PWD', '/root/ros2_ws/build/cpu_pubsub'), ('LC_ALL', 'C.UTF-8'), ('COLCON', '1')]), 'shell': False}
[0.100107] (-) TimerEvent: {}
[0.105934] (cpu_pubsub) StdoutLine: {'line': b'-- Install configuration: ""\n'}
[0.106166] (cpu_pubsub) StdoutLine: {'line': b'-- Up-to-date: /root/ros2_ws/install/cpu_pubsub/lib/cpu_pubsub/talker\n'}
[0.106571] (cpu_pubsub) StdoutLine: {'line': b'-- Up-to-date: /root/ros2_ws/install/cpu_pubsub/lib/cpu_pubsub/listener\n'}
[0.106837] (cpu_pubsub) StdoutLine: {'line': b'-- Up-to-date: /root/ros2_ws/install/cpu_pubsub/share/ament_index/resource_index/package_run_dependencies/cpu_pubsub\n'}
[0.106943] (cpu_pubsub) StdoutLine: {'line': b'-- Up-to-date: /root/ros2_ws/install/cpu_pubsub/share/ament_index/resource_index/parent_prefix_path/cpu_pubsub\n'}
[0.107048] (cpu_pubsub) StdoutLine: {'line': b'-- Up-to-date: /root/ros2_ws/install/cpu_pubsub/share/cpu_pubsub/environment/ament_prefix_path.sh\n'}
[0.107154] (cpu_pubsub) StdoutLine: {'line': b'-- Up-to-date: /root/ros2_ws/install/cpu_pubsub/share/cpu_pubsub/environment/ament_prefix_path.dsv\n'}
[0.107245] (cpu_pubsub) StdoutLine: {'line': b'-- Up-to-date: /root/ros2_ws/install/cpu_pubsub/share/cpu_pubsub/environment/path.sh\n'}
[0.107354] (cpu_pubsub) StdoutLine: {'line': b'-- Up-to-date: /root/ros2_ws/install/cpu_pubsub/share/cpu_pubsub/environment/path.dsv\n'}
[0.107425] (cpu_pubsub) StdoutLine: {'line': b'-- Up-to-date: /root/ros2_ws/install/cpu_pubsub/share/cpu_pubsub/local_setup.bash\n'}
[0.107518] (cpu_pubsub) StdoutLine: {'line': b'-- Up-to-date: /root/ros2_ws/install/cpu_pubsub/share/cpu_pubsub/local_setup.sh\n'}
[0.107618] (cpu_pubsub) StdoutLine: {'line': b'-- Up-to-date: /root/ros2_ws/install/cpu_pubsub/share/cpu_pubsub/local_setup.zsh\n'}
[0.107708] (cpu_pubsub) StdoutLine: {'line': b'-- Up-to-date: /root/ros2_ws/install/cpu_pubsub/share/cpu_pubsub/local_setup.dsv\n'}
[0.107774] (cpu_pubsub) StdoutLine: {'line': b'-- Installing: /root/ros2_ws/install/cpu_pubsub/share/cpu_pubsub/package.dsv\n'}
[0.107876] (cpu_pubsub) StdoutLine: {'line': b'-- Up-to-date: /root/ros2_ws/install/cpu_pubsub/share/ament_index/resource_index/packages/cpu_pubsub\n'}
[0.107963] (cpu_pubsub) StdoutLine: {'line': b'-- Up-to-date: /root/ros2_ws/install/cpu_pubsub/share/cpu_pubsub/cmake/cpu_pubsubConfig.cmake\n'}
[0.108059] (cpu_pubsub) StdoutLine: {'line': b'-- Up-to-date: /root/ros2_ws/install/cpu_pubsub/share/cpu_pubsub/cmake/cpu_pubsubConfig-version.cmake\n'}
[0.108152] (cpu_pubsub) StdoutLine: {'line': b'-- Up-to-date: /root/ros2_ws/install/cpu_pubsub/share/cpu_pubsub/package.xml\n'}
[0.109248] (cpu_pubsub) CommandEnded: {'returncode': 0}
[0.160365] (cpu_pubsub) JobEnded: {'identifier': 'cpu_pubsub', 'rc': 0}
[0.161023] (-) EventReactorShutdown: {}
