[0.000000] (-) TimerEvent: {}
[0.000197] (cpu_pubsub) JobQueued: {'identifier': 'cpu_pubsub', 'dependencies': OrderedDict()}
[0.000363] (cpu_pubsub) JobStarted: {'identifier': 'cpu_pubsub'}
[0.008693] (cpu_pubsub) JobProgress: {'identifier': 'cpu_pubsub', 'progress': 'cmake'}
[0.009234] (cpu_pubsub) JobProgress: {'identifier': 'cpu_pubsub', 'progress': 'build'}
[0.009783] (cpu_pubsub) Command: {'cmd': ['/usr/bin/cmake', '--build', '/root/ros2_ws/build/cpu_pubsub', '--', '-j32', '-l32'], 'cwd': '/root/ros2_ws/build/cpu_pubsub', 'env': OrderedDict([('HOSTNAME', '153087e36705'), ('SHLVL', '1'), ('HOME', '/root'), ('OLDPWD', '/root'), ('_', '/usr/bin/colcon'), ('TERM', 'xterm'), ('PATH', '/usr/local/sbin:/usr/local/bin:/usr/sbin:/usr/bin:/sbin:/bin'), ('LANG', 'C.UTF-8'), ('DEBIAN_FRONTEND', 'noninteractive'), ('PWD', '/root/ros2_ws/build/cpu_pubsub'), ('LC_ALL', 'C.UTF-8'), ('COLCON', '1')]), 'shell': False}
[0.060487] (cpu_pubsub) StdoutLine: {'line': b'[ 50%] Built target listener\n'}
[0.060728] (cpu_pubsub) StdoutLine: {'line': b'[100%] Built target talker\n'}
[0.068050] (cpu_pubsub) CommandEnded: {'returncode': 0}
[0.086641] (cpu_pubsub) JobProgress: {'identifier': 'cpu_pubsub', 'progress': 'install'}
[0.097318] (cpu_pubsub) Command: {'cmd': ['/usr/bin/cmake', '--install', '/root/ros2_ws/build/cpu_pubsub'], 'cwd': '/root/ros2_ws/build/cpu_pubsub', 'env': OrderedDict([('HOSTNAME', '153087e36705'), ('SHLVL', '1'), ('HOME', '/root'), ('OLDPWD', '/root'), ('_', '/usr/bin/colcon'), ('TERM', 'xterm'), ('PATH', '/usr/local/sbin:/usr/local/bin:/usr/sbin:/usr/bin:/sbin:/bin'), ('LANG', 'C.UTF-8'), ('DEBIAN_FRONTEND', 'noninteractive'), ('PWD', '/root/ros2_ws/build/cpu_pubsub'), ('LC_ALL', 'C.UTF-8'), ('COLCON', '1')]), 'shell': False}
[0.099847] (-) TimerEvent: {}
[0.105899] (cpu_pubsub) StdoutLine: {'line': b'-- Install configuration: ""\n'}
[0.106103] (cpu_pubsub) StdoutLine: {'line': b'-- Up-to-date: /root/ros2_ws/install/cpu_pubsub/lib/cpu_pubsub/talker\n'}
[0.106406] (cpu_pubsub) StdoutLine: {'line': b'-- Up-to-date: /root/ros2_ws/install/cpu_pubsub/lib/cpu_pubsub/listener\n'}
[0.106623] (cpu_pubsub) StdoutLine: {'line': b'-- Up-to-date: /root/ros2_ws/install/cpu_pubsub/share/ament_index/resource_index/package_run_dependencies/cpu_pubsub\n'}
[0.106711] (cpu_pubsub) StdoutLine: {'line': b'-- Up-to-date: /root/ros2_ws/install/cpu_pubsub/share/ament_index/resource_index/parent_prefix_path/cpu_pubsub\n'}
[0.106790] (cpu_pubsub) StdoutLine: {'line': b'-- Up-to-date: /root/ros2_ws/install/cpu_pubsub/share/cpu_pubsub/environment/ament_prefix_path.sh\n'}
[0.106868] (cpu_pubsub) StdoutLine: {'line': b'-- Up-to-date: /root/ros2_ws/install/cpu_pubsub/share/cpu_pubsub/environment/ament_prefix_path.dsv\n'}
[0.106943] (cpu_pubsub) StdoutLine: {'line': b'-- Up-to-date: /root/ros2_ws/install/cpu_pubsub/share/cpu_pubsub/environment/path.sh\n'}
[0.107025] (cpu_pubsub) StdoutLine: {'line': b'-- Up-to-date: /root/ros2_ws/install/cpu_pubsub/share/cpu_pubsub/environment/path.dsv\n'}
[0.107098] (cpu_pubsub) StdoutLine: {'line': b'-- Up-to-date: /root/ros2_ws/install/cpu_pubsub/share/cpu_pubsub/local_setup.bash\n'}
[0.107178] (cpu_pubsub) StdoutLine: {'line': b'-- Up-to-date: /root/ros2_ws/install/cpu_pubsub/share/cpu_pubsub/local_setup.sh\n'}
[0.107250] (cpu_pubsub) StdoutLine: {'line': b'-- Up-to-date: /root/ros2_ws/install/cpu_pubsub/share/cpu_pubsub/local_setup.zsh\n'}
[0.107312] (cpu_pubsub) StdoutLine: {'line': b'-- Up-to-date: /root/ros2_ws/install/cpu_pubsub/share/cpu_pubsub/local_setup.dsv\n'}
[0.107373] (cpu_pubsub) StdoutLine: {'line': b'-- Installing: /root/ros2_ws/install/cpu_pubsub/share/cpu_pubsub/package.dsv\n'}
[0.107443] (cpu_pubsub) StdoutLine: {'line': b'-- Up-to-date: /root/ros2_ws/install/cpu_pubsub/share/ament_index/resource_index/packages/cpu_pubsub\n'}
[0.107520] (cpu_pubsub) StdoutLine: {'line': b'-- Up-to-date: /root/ros2_ws/install/cpu_pubsub/share/cpu_pubsub/cmake/cpu_pubsubConfig.cmake\n'}
[0.107591] (cpu_pubsub) StdoutLine: {'line': b'-- Up-to-date: /root/ros2_ws/install/cpu_pubsub/share/cpu_pubsub/cmake/cpu_pubsubConfig-version.cmake\n'}
[0.107668] (cpu_pubsub) StdoutLine: {'line': b'-- Up-to-date: /root/ros2_ws/install/cpu_pubsub/share/cpu_pubsub/package.xml\n'}
[0.109144] (cpu_pubsub) CommandEnded: {'returncode': 0}
[0.151637] (cpu_pubsub) JobEnded: {'identifier': 'cpu_pubsub', 'rc': 0}
[0.152520] (-) EventReactorShutdown: {}
