[0.000000] (-) TimerEvent: {}
[0.000359] (cpu_pubsub) JobQueued: {'identifier': 'cpu_pubsub', 'dependencies': OrderedDict()}
[0.000519] (cpu_pubsub) JobStarted: {'identifier': 'cpu_pubsub'}
[0.008342] (cpu_pubsub) JobProgress: {'identifier': 'cpu_pubsub', 'progress': 'cmake'}
[0.009011] (cpu_pubsub) JobProgress: {'identifier': 'cpu_pubsub', 'progress': 'build'}
[0.009915] (cpu_pubsub) Command: {'cmd': ['/usr/bin/cmake', '--build', '/root/ros2_ws/build/cpu_pubsub', '--', '-j32', '-l32'], 'cwd': '/root/ros2_ws/build/cpu_pubsub', 'env': OrderedDict([('HOSTNAME', '09a7f21207f2'), ('SHLVL', '1'), ('HOME', '/root'), ('OLDPWD', '/root'), ('_', '/usr/bin/colcon'), ('TERM', 'xterm'), ('PATH', '/usr/local/sbin:/usr/local/bin:/usr/sbin:/usr/bin:/sbin:/bin'), ('LANG', 'C.UTF-8'), ('DEBIAN_FRONTEND', 'noninteractive'), ('PWD', '/root/ros2_ws/build/cpu_pubsub'), ('LC_ALL', 'C.UTF-8'), ('COLCON', '1')]), 'shell': False}
[0.065363] (cpu_pubsub) StdoutLine: {'line': b'[ 50%] Built target talker\n'}
[0.070177] (cpu_pubsub) StdoutLine: {'line': b'[100%] Built target listener\n'}
[0.080198] (cpu_pubsub) CommandEnded: {'returncode': 0}
[0.099739] (-) TimerEvent: {}
[0.100231] (cpu_pubsub) JobProgress: {'identifier': 'cpu_pubsub', 'progress': 'install'}
[0.111424] (cpu_pubsub) Command: {'cmd': ['/usr/bin/cmake', '--install', '/root/ros2_ws/build/cpu_pubsub'], 'cwd': '/root/ros2_ws/build/cpu_pubsub', 'env': OrderedDict([('HOSTNAME', '09a7f21207f2'), ('SHLVL', '1'), ('HOME', '/root'), ('OLDPWD', '/root'), ('_', '/usr/bin/colcon'), ('TERM', 'xterm'), ('PATH', '/usr/local/sbin:/usr/local/bin:/usr/sbin:/usr/bin:/sbin:/bin'), ('LANG', 'C.UTF-8'), ('DEBIAN_FRONTEND', 'noninteractive'), ('PWD', '/root/ros2_ws/build/cpu_pubsub'), ('LC_ALL', 'C.UTF-8'), ('COLCON', '1')]), 'shell': False}
[0.120417] (cpu_pubsub) StdoutLine: {'line': b'-- Install configuration: ""\n'}
[0.120619] (cpu_pubsub) StdoutLine: {'line': b'-- Up-to-date: /root/ros2_ws/install/cpu_pubsub/lib/cpu_pubsub/talker\n'}
[0.120924] (cpu_pubsub) StdoutLine: {'line': b'-- Up-to-date: /root/ros2_ws/install/cpu_pubsub/lib/cpu_pubsub/listener\n'}
[0.121131] (cpu_pubsub) StdoutLine: {'line': b'-- Up-to-date: /root/ros2_ws/install/cpu_pubsub/share/ament_index/resource_index/package_run_dependencies/cpu_pubsub\n'}
[0.121228] (cpu_pubsub) StdoutLine: {'line': b'-- Up-to-date: /root/ros2_ws/install/cpu_pubsub/share/ament_index/resource_index/parent_prefix_path/cpu_pubsub\n'}
[0.121331] (cpu_pubsub) StdoutLine: {'line': b'-- Up-to-date: /root/ros2_ws/install/cpu_pubsub/share/cpu_pubsub/environment/ament_prefix_path.sh\n'}
[0.121418] (cpu_pubsub) StdoutLine: {'line': b'-- Up-to-date: /root/ros2_ws/install/cpu_pubsub/share/cpu_pubsub/environment/ament_prefix_path.dsv\n'}
[0.121521] (cpu_pubsub) StdoutLine: {'line': b'-- Up-to-date: /root/ros2_ws/install/cpu_pubsub/share/cpu_pubsub/environment/path.sh\n'}
[0.121603] (cpu_pubsub) StdoutLine: {'line': b'-- Up-to-date: /root/ros2_ws/install/cpu_pubsub/share/cpu_pubsub/environment/path.dsv\n'}
[0.121691] (cpu_pubsub) StdoutLine: {'line': b'-- Up-to-date: /root/ros2_ws/install/cpu_pubsub/share/cpu_pubsub/local_setup.bash\n'}
[0.121770] (cpu_pubsub) StdoutLine: {'line': b'-- Up-to-date: /root/ros2_ws/install/cpu_pubsub/share/cpu_pubsub/local_setup.sh\n'}
[0.121836] (cpu_pubsub) StdoutLine: {'line': b'-- Up-to-date: /root/ros2_ws/install/cpu_pubsub/share/cpu_pubsub/local_setup.zsh\n'}
[0.121900] (cpu_pubsub) StdoutLine: {'line': b'-- Up-to-date: /root/ros2_ws/install/cpu_pubsub/share/cpu_pubsub/local_setup.dsv\n'}
[0.121987] (cpu_pubsub) StdoutLine: {'line': b'-- Installing: /root/ros2_ws/install/cpu_pubsub/share/cpu_pubsub/package.dsv\n'}
[0.122074] (cpu_pubsub) StdoutLine: {'line': b'-- Up-to-date: /root/ros2_ws/install/cpu_pubsub/share/ament_index/resource_index/packages/cpu_pubsub\n'}
[0.122141] (cpu_pubsub) StdoutLine: {'line': b'-- Up-to-date: /root/ros2_ws/install/cpu_pubsub/share/cpu_pubsub/cmake/cpu_pubsubConfig.cmake\n'}
[0.122198] (cpu_pubsub) StdoutLine: {'line': b'-- Up-to-date: /root/ros2_ws/install/cpu_pubsub/share/cpu_pubsub/cmake/cpu_pubsubConfig-version.cmake\n'}
[0.122254] (cpu_pubsub) StdoutLine: {'line': b'-- Up-to-date: /root/ros2_ws/install/cpu_pubsub/share/cpu_pubsub/package.xml\n'}
[0.123206] (cpu_pubsub) CommandEnded: {'returncode': 0}
[0.173572] (cpu_pubsub) JobEnded: {'identifier': 'cpu_pubsub', 'rc': 0}
[0.174417] (-) EventReactorShutdown: {}
